# JRE version: Java(TM) SE Runtime Environment (17.0.6+9) (build 17.0.6+9-LTS-190)
# Java VM: Java HotSpot(TM) 64-Bit Server VM (17.0.6+9-LTS-190, mixed mode, sharing, tiered, compressed oops, compressed class ptrs, g1 gc, windows-amd64)
GC Precious Log:
 CPUs: 12 total, 12 available
 Memory: 7860M
 Large Page Support: Disabled
 NUMA Support: Disabled
 Compressed Oops: Enabled (32-bit)
 Heap Region Size: 1M
 Heap Min Capacity: 8M
 Heap Initial Capacity: 124M
 Heap Max Capacity: 2G
 Pre-touch: Disabled
 Parallel Workers: 10
 Concurrent Workers: 3
 Concurrent Refinement Workers: 10
 Periodic GC: Disabled
Heap:
 garbage-first heap   total 189440K, used 121613K [0x0000000080000000, 0x0000000100000000)
  region size 1024K, 8 young (8192K), 4 survivors (4096K)
 Metaspace       used 70091K, committed 70912K, reserved 487424K
  class space    used 9824K, committed 10240K, reserved 421888K
GC Heap History (20 events):
Event: 25.896 GC heap before
{Heap before GC invocations=33 (full 0):
 garbage-first heap   total 138240K, used 95290K [0x0000000080000000, 0x0000000100000000)
  region size 1024K, 15 young (15360K), 3 survivors (3072K)
 Metaspace       used 60648K, committed 61440K, reserved 479232K
  class space    used 8654K, committed 9024K, reserved 421888K
}
Event: 25.900 GC heap after
{Heap after GC invocations=34 (full 0):
 garbage-first heap   total 138240K, used 85913K [0x0000000080000000, 0x0000000100000000)
  region size 1024K, 2 young (2048K), 2 survivors (2048K)
 Metaspace       used 60648K, committed 61440K, reserved 479232K
  class space    used 8654K, committed 9024K, reserved 421888K
}
Event: 26.202 GC heap before
{Heap before GC invocations=35 (full 0):
 garbage-first heap   total 150528K, used 121753K [0x0000000080000000, 0x0000000100000000)
  region size 1024K, 25 young (25600K), 2 survivors (2048K)
 Metaspace       used 62624K, committed 63424K, reserved 479232K
  class space    used 8955K, committed 9344K, reserved 421888K
}
Event: 26.204 GC heap after
{Heap after GC invocations=36 (full 0):
 garbage-first heap   total 150528K, used 102317K [0x0000000080000000, 0x0000000100000000)
  region size 1024K, 4 young (4096K), 4 survivors (4096K)
 Metaspace       used 62624K, committed 63424K, reserved 479232K
  class space    used 8955K, committed 9344K, reserved 421888K
}
Event: 26.233 GC heap before
{Heap before GC invocations=36 (full 0):
 garbage-first heap   total 150528K, used 105389K [0x0000000080000000, 0x0000000100000000)
  region size 1024K, 7 young (7168K), 4 survivors (4096K)
 Metaspace       used 62802K, committed 63680K, reserved 479232K
  class space    used 8983K, committed 9408K, reserved 421888K
}
Event: 26.236 GC heap after
{Heap after GC invocations=37 (full 0):
 garbage-first heap   total 181248K, used 101874K [0x0000000080000000, 0x0000000100000000)
  region size 1024K, 1 young (1024K), 1 survivors (1024K)
 Metaspace       used 62802K, committed 63680K, reserved 479232K
  class space    used 8983K, committed 9408K, reserved 421888K
}
Event: 26.906 GC heap before
{Heap before GC invocations=37 (full 0):
 garbage-first heap   total 181248K, used 137714K [0x0000000080000000, 0x0000000100000000)
  region size 1024K, 36 young (36864K), 1 survivors (1024K)
 Metaspace       used 64269K, committed 65088K, reserved 479232K
  class space    used 9202K, committed 9600K, reserved 421888K
}
Event: 26.910 GC heap after
{Heap after GC invocations=38 (full 0):
 garbage-first heap   total 181248K, used 104961K [0x0000000080000000, 0x0000000100000000)
  region size 1024K, 4 young (4096K), 4 survivors (4096K)
 Metaspace       used 64269K, committed 65088K, reserved 479232K
  class space    used 9202K, committed 9600K, reserved 421888K
}
Event: 40.421 GC heap before
{Heap before GC invocations=39 (full 0):
 garbage-first heap   total 183296K, used 139777K [0x0000000080000000, 0x0000000100000000)
  region size 1024K, 39 young (39936K), 4 survivors (4096K)
 Metaspace       used 67363K, committed 68160K, reserved 487424K
  class space    used 9646K, committed 10048K, reserved 421888K
}
Event: 40.426 GC heap after
{Heap after GC invocations=40 (full 0):
 garbage-first heap   total 183296K, used 107536K [0x0000000080000000, 0x0000000100000000)
  region size 1024K, 3 young (3072K), 3 survivors (3072K)
 Metaspace       used 67363K, committed 68160K, reserved 487424K
  class space    used 9646K, committed 10048K, reserved 421888K
}
Event: 40.488 GC heap before
{Heap before GC invocations=40 (full 0):
 garbage-first heap   total 183296K, used 111632K [0x0000000080000000, 0x0000000100000000)
  region size 1024K, 8 young (8192K), 3 survivors (3072K)
 Metaspace       used 67622K, committed 68480K, reserved 487424K
  class space    used 9685K, committed 10112K, reserved 421888K
}
Event: 40.490 GC heap after
{Heap after GC invocations=41 (full 0):
 garbage-first heap   total 183296K, used 107989K [0x0000000080000000, 0x0000000100000000)
  region size 1024K, 1 young (1024K), 1 survivors (1024K)
 Metaspace       used 67622K, committed 68480K, reserved 487424K
  class space    used 9685K, committed 10112K, reserved 421888K
}
Event: 45.069 GC heap before
{Heap before GC invocations=41 (full 0):
 garbage-first heap   total 183296K, used 145877K [0x0000000080000000, 0x0000000100000000)
  region size 1024K, 38 young (38912K), 1 survivors (1024K)
 Metaspace       used 69311K, committed 70144K, reserved 487424K
  class space    used 9802K, committed 10240K, reserved 421888K
}
Event: 45.072 GC heap after
{Heap after GC invocations=42 (full 0):
 garbage-first heap   total 183296K, used 110205K [0x0000000080000000, 0x0000000100000000)
  region size 1024K, 4 young (4096K), 4 survivors (4096K)
 Metaspace       used 69311K, committed 70144K, reserved 487424K
  class space    used 9802K, committed 10240K, reserved 421888K
}
Event: 46.009 GC heap before
{Heap before GC invocations=43 (full 0):
 garbage-first heap   total 189440K, used 148093K [0x0000000080000000, 0x0000000100000000)
  region size 1024K, 41 young (41984K), 4 survivors (4096K)
 Metaspace       used 69769K, committed 70656K, reserved 487424K
  class space    used 9821K, committed 10240K, reserved 421888K
}
Event: 46.016 GC heap after
{Heap after GC invocations=44 (full 0):
 garbage-first heap   total 189440K, used 115200K [0x0000000080000000, 0x0000000100000000)
  region size 1024K, 6 young (6144K), 6 survivors (6144K)
 Metaspace       used 69769K, committed 70656K, reserved 487424K
  class space    used 9821K, committed 10240K, reserved 421888K
}
Event: 46.068 GC heap before
{Heap before GC invocations=44 (full 0):
 garbage-first heap   total 189440K, used 117248K [0x0000000080000000, 0x0000000100000000)
  region size 1024K, 9 young (9216K), 6 survivors (6144K)
 Metaspace       used 69785K, committed 70656K, reserved 487424K
  class space    used 9821K, committed 10240K, reserved 421888K
}
Event: 46.073 GC heap after
{Heap after GC invocations=45 (full 0):
 garbage-first heap   total 189440K, used 116039K [0x0000000080000000, 0x0000000100000000)
  region size 1024K, 2 young (2048K), 2 survivors (2048K)
 Metaspace       used 69785K, committed 70656K, reserved 487424K
  class space    used 9821K, committed 10240K, reserved 421888K
}
Event: 51.852 GC heap before
{Heap before GC invocations=45 (full 0):
 garbage-first heap   total 189440K, used 151879K [0x0000000080000000, 0x0000000100000000)
  region size 1024K, 37 young (37888K), 2 survivors (2048K)
 Metaspace       used 70059K, committed 70912K, reserved 487424K
  class space    used 9824K, committed 10240K, reserved 421888K
}
Event: 51.857 GC heap after
{Heap after GC invocations=46 (full 0):
 garbage-first heap   total 189440K, used 118541K [0x0000000080000000, 0x0000000100000000)
  region size 1024K, 4 young (4096K), 4 survivors (4096K)
 Metaspace       used 70059K, committed 70912K, reserved 487424K
  class space    used 9824K, committed 10240K, reserved 421888K
}

