# JRE version: Java(TM) SE Runtime Environment (17.0.6+9) (build 17.0.6+9-LTS-190)
# Java VM: Java HotSpot(TM) 64-Bit Server VM (17.0.6+9-LTS-190, mixed mode, sharing, tiered, compressed oops, compressed class ptrs, g1 gc, windows-amd64)
GC Precious Log:
 CPUs: 12 total, 12 available
 Memory: 7860M
 Large Page Support: Disabled
 NUMA Support: Disabled
 Compressed Oops: Enabled (32-bit)
 Heap Region Size: 1M
 Heap Min Capacity: 256M
 Heap Initial Capacity: 256M
 Heap Max Capacity: 512M
 Pre-touch: Disabled
 Parallel Workers: 10
 Concurrent Workers: 3
 Concurrent Refinement Workers: 10
 Periodic GC: Disabled
Heap:
 garbage-first heap   total 262144K, used 82261K [0x00000000e0000000, 0x0000000100000000)
  region size 1024K, 60 young (61440K), 14 survivors (14336K)
 Metaspace       used 26459K, committed 26816K, reserved 339968K
  class space    used 3986K, committed 4160K, reserved 315392K
GC Heap History (6 events):
Event: 1.720 GC heap before
{Heap before GC invocations=0 (full 0):
 garbage-first heap   total 262144K, used 26624K [0x00000000e0000000, 0x0000000100000000)
  region size 1024K, 23 young (23552K), 0 survivors (0K)
 Metaspace       used 3065K, committed 3200K, reserved 323584K
  class space    used 391K, committed 448K, reserved 315392K
}
Event: 1.730 GC heap after
{Heap after GC invocations=1 (full 0):
 garbage-first heap   total 262144K, used 10347K [0x00000000e0000000, 0x0000000100000000)
  region size 1024K, 3 young (3072K), 3 survivors (3072K)
 Metaspace       used 3065K, committed 3200K, reserved 323584K
  class space    used 391K, committed 448K, reserved 315392K
}
Event: 2.653 GC heap before
{Heap before GC invocations=1 (full 0):
 garbage-first heap   total 262144K, used 37995K [0x00000000e0000000, 0x0000000100000000)
  region size 1024K, 30 young (30720K), 3 survivors (3072K)
 Metaspace       used 4003K, committed 4160K, reserved 323584K
  class space    used 491K, committed 576K, reserved 315392K
}
Event: 2.688 GC heap after
{Heap after GC invocations=2 (full 0):
 garbage-first heap   total 262144K, used 11398K [0x00000000e0000000, 0x0000000100000000)
  region size 1024K, 1 young (1024K), 1 survivors (1024K)
 Metaspace       used 4003K, committed 4160K, reserved 323584K
  class space    used 491K, committed 576K, reserved 315392K
}
Event: 11.928 GC heap before
{Heap before GC invocations=2 (full 0):
 garbage-first heap   total 262144K, used 146566K [0x00000000e0000000, 0x0000000100000000)
  region size 1024K, 122 young (124928K), 1 survivors (1024K)
 Metaspace       used 21180K, committed 21504K, reserved 339968K
  class space    used 3144K, committed 3328K, reserved 315392K
}
Event: 11.985 GC heap after
{Heap after GC invocations=3 (full 0):
 garbage-first heap   total 262144K, used 35157K [0x00000000e0000000, 0x0000000100000000)
  region size 1024K, 14 young (14336K), 14 survivors (14336K)
 Metaspace       used 21180K, committed 21504K, reserved 339968K
  class space    used 3144K, committed 3328K, reserved 315392K
}

