# JRE version: Java(TM) SE Runtime Environment (17.0.6+9) (build 17.0.6+9-LTS-190)
# Java VM: Java HotSpot(TM) 64-Bit Server VM (17.0.6+9-LTS-190, mixed mode, sharing, tiered, compressed oops, compressed class ptrs, g1 gc, windows-amd64)
GC Precious Log:
 CPUs: 12 total, 12 available
 Memory: 7860M
 Large Page Support: Disabled
 NUMA Support: Disabled
 Compressed Oops: Enabled (32-bit)
 Heap Region Size: 1M
 Heap Min Capacity: 256M
 Heap Initial Capacity: 256M
 Heap Max Capacity: 512M
 Pre-touch: Disabled
 Parallel Workers: 10
 Concurrent Workers: 3
 Concurrent Refinement Workers: 10
 Periodic GC: Disabled
Heap:
 garbage-first heap   total 262144K, used 182754K [0x00000000e0000000, 0x0000000100000000)
  region size 1024K, 151 young (154624K), 8 survivors (8192K)
 Metaspace       used 55704K, committed 56320K, reserved 364544K
  class space    used 7774K, committed 8064K, reserved 315392K
GC Heap History (12 events):
Event: 1.711 GC heap before
{Heap before GC invocations=0 (full 0):
 garbage-first heap   total 262144K, used 22528K [0x00000000e0000000, 0x0000000100000000)
  region size 1024K, 23 young (23552K), 0 survivors (0K)
 Metaspace       used 1070K, committed 1216K, reserved 323584K
  class space    used 73K, committed 128K, reserved 315392K
}
Event: 1.717 GC heap after
{Heap after GC invocations=1 (full 0):
 garbage-first heap   total 262144K, used 2687K [0x00000000e0000000, 0x0000000100000000)
  region size 1024K, 3 young (3072K), 3 survivors (3072K)
 Metaspace       used 1070K, committed 1216K, reserved 323584K
  class space    used 73K, committed 128K, reserved 315392K
}
Event: 4.927 GC heap before
{Heap before GC invocations=1 (full 0):
 garbage-first heap   total 262144K, used 40575K [0x00000000e0000000, 0x0000000100000000)
  region size 1024K, 38 young (38912K), 3 survivors (3072K)
 Metaspace       used 4422K, committed 4608K, reserved 323584K
  class space    used 549K, committed 640K, reserved 315392K
}
Event: 4.934 GC heap after
{Heap after GC invocations=2 (full 0):
 garbage-first heap   total 262144K, used 10879K [0x00000000e0000000, 0x0000000100000000)
  region size 1024K, 5 young (5120K), 5 survivors (5120K)
 Metaspace       used 4422K, committed 4608K, reserved 323584K
  class space    used 549K, committed 640K, reserved 315392K
}
Event: 7.784 GC heap before
{Heap before GC invocations=2 (full 0):
 garbage-first heap   total 262144K, used 59007K [0x00000000e0000000, 0x0000000100000000)
  region size 1024K, 50 young (51200K), 5 survivors (5120K)
 Metaspace       used 5032K, committed 5248K, reserved 323584K
  class space    used 658K, committed 768K, reserved 315392K
}
Event: 7.794 GC heap after
{Heap after GC invocations=3 (full 0):
 garbage-first heap   total 262144K, used 16078K [0x00000000e0000000, 0x0000000100000000)
  region size 1024K, 7 young (7168K), 7 survivors (7168K)
 Metaspace       used 5032K, committed 5248K, reserved 323584K
  class space    used 658K, committed 768K, reserved 315392K
}
Event: 22.506 GC heap before
{Heap before GC invocations=3 (full 0):
 garbage-first heap   total 262144K, used 123598K [0x00000000e0000000, 0x0000000100000000)
  region size 1024K, 113 young (115712K), 7 survivors (7168K)
 Metaspace       used 21165K, committed 21504K, reserved 339968K
  class space    used 3093K, committed 3264K, reserved 315392K
}
Event: 22.666 GC heap after
{Heap after GC invocations=4 (full 0):
 garbage-first heap   total 262144K, used 23992K [0x00000000e0000000, 0x0000000100000000)
  region size 1024K, 15 young (15360K), 15 survivors (15360K)
 Metaspace       used 21165K, committed 21504K, reserved 339968K
  class space    used 3093K, committed 3264K, reserved 315392K
}
Event: 41.644 GC heap before
{Heap before GC invocations=5 (full 0):
 garbage-first heap   total 262144K, used 144824K [0x00000000e0000000, 0x0000000100000000)
  region size 1024K, 130 young (133120K), 15 survivors (15360K)
 Metaspace       used 35578K, committed 35968K, reserved 348160K
  class space    used 4940K, committed 5120K, reserved 315392K
}
Event: 41.682 GC heap after
{Heap after GC invocations=6 (full 0):
 garbage-first heap   total 262144K, used 32095K [0x00000000e0000000, 0x0000000100000000)
  region size 1024K, 16 young (16384K), 16 survivors (16384K)
 Metaspace       used 35578K, committed 35968K, reserved 348160K
  class space    used 4940K, committed 5120K, reserved 315392K
}
Event: 52.865 GC heap before
{Heap before GC invocations=7 (full 0):
 garbage-first heap   total 262144K, used 142687K [0x00000000e0000000, 0x0000000100000000)
  region size 1024K, 123 young (125952K), 16 survivors (16384K)
 Metaspace       used 46580K, committed 47104K, reserved 364544K
  class space    used 6566K, committed 6784K, reserved 315392K
}
Event: 52.894 GC heap after
{Heap after GC invocations=8 (full 0):
 garbage-first heap   total 262144K, used 38370K [0x00000000e0000000, 0x0000000100000000)
  region size 1024K, 8 young (8192K), 8 survivors (8192K)
 Metaspace       used 46580K, committed 47104K, reserved 364544K
  class space    used 6566K, committed 6784K, reserved 315392K
}

