# JRE version: Java(TM) SE Runtime Environment (17.0.6+9) (build 17.0.6+9-LTS-190)
# Java VM: Java HotSpot(TM) 64-Bit Server VM (17.0.6+9-LTS-190, mixed mode, sharing, tiered, compressed oops, compressed class ptrs, g1 gc, windows-amd64)
GC Precious Log:
 CPUs: 12 total, 12 available
 Memory: 7860M
 Large Page Support: Disabled
 NUMA Support: Disabled
 Compressed Oops: Enabled (32-bit)
 Heap Region Size: 1M
 Heap Min Capacity: 256M
 Heap Initial Capacity: 256M
 Heap Max Capacity: 512M
 Pre-touch: Disabled
 Parallel Workers: 10
 Concurrent Workers: 3
 Concurrent Refinement Workers: 10
 Periodic GC: Disabled
Heap:
 garbage-first heap   total 262144K, used 95717K [0x00000000e0000000, 0x0000000100000000)
  region size 1024K, 65 young (66560K), 7 survivors (7168K)
 Metaspace       used 52263K, committed 52864K, reserved 364544K
  class space    used 7439K, committed 7744K, reserved 315392K
GC Heap History (20 events):
Event: 2.429 GC heap before
{Heap before GC invocations=0 (full 0):
 garbage-first heap   total 262144K, used 22528K [0x00000000e0000000, 0x0000000100000000)
  region size 1024K, 23 young (23552K), 0 survivors (0K)
 Metaspace       used 1074K, committed 1216K, reserved 323584K
  class space    used 73K, committed 128K, reserved 315392K
}
Event: 2.463 GC heap after
{Heap after GC invocations=1 (full 0):
 garbage-first heap   total 262144K, used 2597K [0x00000000e0000000, 0x0000000100000000)
  region size 1024K, 3 young (3072K), 3 survivors (3072K)
 Metaspace       used 1074K, committed 1216K, reserved 323584K
  class space    used 73K, committed 128K, reserved 315392K
}
Event: 6.970 GC heap before
{Heap before GC invocations=1 (full 0):
 garbage-first heap   total 262144K, used 39461K [0x00000000e0000000, 0x0000000100000000)
  region size 1024K, 37 young (37888K), 3 survivors (3072K)
 Metaspace       used 4405K, committed 4544K, reserved 323584K
  class space    used 548K, committed 640K, reserved 315392K
}
Event: 7.108 GC heap after
{Heap after GC invocations=2 (full 0):
 garbage-first heap   total 262144K, used 11163K [0x00000000e0000000, 0x0000000100000000)
  region size 1024K, 5 young (5120K), 5 survivors (5120K)
 Metaspace       used 4405K, committed 4544K, reserved 323584K
  class space    used 548K, committed 640K, reserved 315392K
}
Event: 9.495 GC heap before
{Heap before GC invocations=2 (full 0):
 garbage-first heap   total 262144K, used 45979K [0x00000000e0000000, 0x0000000100000000)
  region size 1024K, 38 young (38912K), 5 survivors (5120K)
 Metaspace       used 4474K, committed 4608K, reserved 323584K
  class space    used 549K, committed 640K, reserved 315392K
}
Event: 9.509 GC heap after
{Heap after GC invocations=3 (full 0):
 garbage-first heap   total 262144K, used 14890K [0x00000000e0000000, 0x0000000100000000)
  region size 1024K, 3 young (3072K), 3 survivors (3072K)
 Metaspace       used 4474K, committed 4608K, reserved 323584K
  class space    used 549K, committed 640K, reserved 315392K
}
Event: 19.642 GC heap before
{Heap before GC invocations=3 (full 0):
 garbage-first heap   total 262144K, used 55850K [0x00000000e0000000, 0x0000000100000000)
  region size 1024K, 43 young (44032K), 3 survivors (3072K)
 Metaspace       used 10903K, committed 11136K, reserved 331776K
  class space    used 1471K, committed 1600K, reserved 315392K
}
Event: 19.662 GC heap after
{Heap after GC invocations=4 (full 0):
 garbage-first heap   total 262144K, used 19361K [0x00000000e0000000, 0x0000000100000000)
  region size 1024K, 6 young (6144K), 6 survivors (6144K)
 Metaspace       used 10903K, committed 11136K, reserved 331776K
  class space    used 1471K, committed 1600K, reserved 315392K
}
Event: 26.604 GC heap before
{Heap before GC invocations=4 (full 0):
 garbage-first heap   total 262144K, used 68513K [0x00000000e0000000, 0x0000000100000000)
  region size 1024K, 55 young (56320K), 6 survivors (6144K)
 Metaspace       used 18123K, committed 18432K, reserved 331776K
  class space    used 2606K, committed 2752K, reserved 315392K
}
Event: 26.617 GC heap after
{Heap after GC invocations=5 (full 0):
 garbage-first heap   total 262144K, used 22205K [0x00000000e0000000, 0x0000000100000000)
  region size 1024K, 7 young (7168K), 7 survivors (7168K)
 Metaspace       used 18123K, committed 18432K, reserved 331776K
  class space    used 2606K, committed 2752K, reserved 315392K
}
Event: 28.944 GC heap before
{Heap before GC invocations=5 (full 0):
 garbage-first heap   total 262144K, used 50877K [0x00000000e0000000, 0x0000000100000000)
  region size 1024K, 36 young (36864K), 7 survivors (7168K)
 Metaspace       used 21154K, committed 21504K, reserved 339968K
  class space    used 3086K, committed 3264K, reserved 315392K
}
Event: 28.962 GC heap after
{Heap after GC invocations=6 (full 0):
 garbage-first heap   total 262144K, used 23815K [0x00000000e0000000, 0x0000000100000000)
  region size 1024K, 8 young (8192K), 8 survivors (8192K)
 Metaspace       used 21154K, committed 21504K, reserved 339968K
  class space    used 3086K, committed 3264K, reserved 315392K
}
Event: 57.014 GC heap before
{Heap before GC invocations=7 (full 0):
 garbage-first heap   total 262144K, used 145671K [0x00000000e0000000, 0x0000000100000000)
  region size 1024K, 124 young (126976K), 8 survivors (8192K)
 Metaspace       used 35561K, committed 35968K, reserved 348160K
  class space    used 4933K, committed 5120K, reserved 315392K
}
Event: 57.061 GC heap after
{Heap after GC invocations=8 (full 0):
 garbage-first heap   total 262144K, used 32076K [0x00000000e0000000, 0x0000000100000000)
  region size 1024K, 16 young (16384K), 16 survivors (16384K)
 Metaspace       used 35561K, committed 35968K, reserved 348160K
  class space    used 4933K, committed 5120K, reserved 315392K
}
Event: 57.181 GC heap before
{Heap before GC invocations=8 (full 0):
 garbage-first heap   total 262144K, used 33100K [0x00000000e0000000, 0x0000000100000000)
  region size 1024K, 17 young (17408K), 16 survivors (16384K)
 Metaspace       used 35729K, committed 36160K, reserved 348160K
  class space    used 4957K, committed 5120K, reserved 315392K
}
Event: 57.213 GC heap after
{Heap after GC invocations=9 (full 0):
 garbage-first heap   total 262144K, used 32877K [0x00000000e0000000, 0x0000000100000000)
  region size 1024K, 2 young (2048K), 2 survivors (2048K)
 Metaspace       used 35729K, committed 36160K, reserved 348160K
  class space    used 4957K, committed 5120K, reserved 315392K
}
Event: 57.381 GC heap before
{Heap before GC invocations=9 (full 0):
 garbage-first heap   total 262144K, used 32877K [0x00000000e0000000, 0x0000000100000000)
  region size 1024K, 3 young (3072K), 2 survivors (2048K)
 Metaspace       used 35916K, committed 36288K, reserved 348160K
  class space    used 4972K, committed 5120K, reserved 315392K
}
Event: 57.385 GC heap after
{Heap after GC invocations=10 (full 0):
 garbage-first heap   total 262144K, used 31152K [0x00000000e0000000, 0x0000000100000000)
  region size 1024K, 1 young (1024K), 1 survivors (1024K)
 Metaspace       used 35916K, committed 36288K, reserved 348160K
  class space    used 4972K, committed 5120K, reserved 315392K
}
Event: 88.012 GC heap before
{Heap before GC invocations=11 (full 0):
 garbage-first heap   total 262144K, used 187824K [0x00000000e0000000, 0x0000000100000000)
  region size 1024K, 153 young (156672K), 1 survivors (1024K)
 Metaspace       used 49277K, committed 49792K, reserved 364544K
  class space    used 6972K, committed 7168K, reserved 315392K
}
Event: 88.041 GC heap after
{Heap after GC invocations=12 (full 0):
 garbage-first heap   total 262144K, used 37349K [0x00000000e0000000, 0x0000000100000000)
  region size 1024K, 7 young (7168K), 7 survivors (7168K)
 Metaspace       used 49277K, committed 49792K, reserved 364544K
  class space    used 6972K, committed 7168K, reserved 315392K
}

